{
  "0 debug pnpm:scope": {
    "selected": 1,
    "workspacePrefix": null
  },
  "1 debug pnpm": {
    "isCaseSensitive": false,
    "store": "C:\\Users\\cambi\\.pnpm-store\\2"
  },
  "2 debug pnpm:package-json": {
    "initial": {
      "name": "ecs-machina",
      "version": "0.0.1",
      "description": "A TypeScript Entity-Component-System Engine",
      "main": "index.js",
      "scripts": {
        "test": "echo \"Error: no test specified\" && exit 1"
      },
      "repository": {
        "type": "git",
        "url": "git+https://github.com/scambier/ecs-machina.git"
      },
      "keywords": [
        "entity",
        "component",
        "system",
        "ecs",
        "game"
      ],
      "author": "Simon Cambier",
      "license": "ISC",
      "bugs": {
        "url": "https://github.com/scambier/ecs-machina/issues"
      },
      "homepage": "https://github.com/scambier/ecs-machina#readme",
      "devDependencies": {
        "@types/jest": "^24.0.15",
        "@types/lodash-es": "^4.17.3",
        "@types/node": "^12.0.10",
        "coveralls": "^3.0.4",
        "jest": "^24.8.0",
        "ts-jest": "^24.0.2",
        "ts-loader": "^6.0.4",
        "typedoc": "^0.14.2",
        "typescript": "^3.5.2"
      },
      "dependencies": {
        "lodash-es": "^4.17.11"
      }
    },
    "prefix": "C:\\Dev\\ecs-machina"
  },
  "3 debug pnpm:stage": {
    "prefix": "C:\\Dev\\ecs-machina",
    "stage": "resolution_started"
  },
  "4 warn pnpm": {
    "message": "Moving @types/jest that was installed by a different package manager to \"node_modules/.ignored",
    "prefix": "C:\\Dev\\ecs-machina"
  },
  "5 warn pnpm": {
    "message": "Moving @types/lodash-es that was installed by a different package manager to \"node_modules/.ignored",
    "prefix": "C:\\Dev\\ecs-machina"
  },
  "6 warn pnpm": {
    "message": "Moving @types/node that was installed by a different package manager to \"node_modules/.ignored",
    "prefix": "C:\\Dev\\ecs-machina"
  },
  "7 error pnpm": {
    "message": {
      "errno": -4048,
      "code": "EPERM",
      "syscall": "rename",
      "path": "C:\\Dev\\ecs-machina\\node_modules\\@types\\node",
      "dest": "C:\\Dev\\ecs-machina\\node_modules\\.ignored\\@types\\node"
    },
    "err": {
      "name": "Error",
      "message": "EPERM: operation not permitted, rename 'C:\\Dev\\ecs-machina\\node_modules\\@types\\node' -> 'C:\\Dev\\ecs-machina\\node_modules\\.ignored\\@types\\node'",
      "code": "EPERM",
      "stack": "Error: EPERM: operation not permitted, rename 'C:\\Dev\\ecs-machina\\node_modules\\@types\\node' -> 'C:\\Dev\\ecs-machina\\node_modules\\.ignored\\@types\\node'"
    }
  }
}