Arguments: 
  C:\Program Files\nodejs\node.exe C:\Users\cambi\AppData\Roaming\npm\pnpm-global\2\node_modules\yarn\bin\yarn.js add -D vuepress

PATH: 
  C:\WINDOWS\system32;C:\WINDOWS;C:\WINDOWS\System32\Wbem;C:\WINDOWS\System32\WindowsPowerShell\v1.0\;C:\WINDOWS\System32\OpenSSH\;C:\Program Files\NVIDIA Corporation\NVIDIA NvDLISR;C:\Program Files (x86)\NVIDIA Corporation\PhysX\Common;C:\Program Files\nodejs\;C:\Users\cambi\AppData\Local\Atlassian\SourceTree\git_local\bin;C:\Program Files\Calibre2\;C:\Users\cambi\AppData\Local\Microsoft\WindowsApps;;C:\Users\cambi\AppData\Local\Programs\Microsoft VS Code\bin;C:\Users\cambi\AppData\Roaming\npm

Yarn version: 
  1.16.0

Node version: 
  10.16.0

Platform: 
  win32 x64

Trace: 
  Error: ENOENT: no such file or directory, copyfile 'C:\Users\cambi\AppData\Local\Yarn\Cache\v4\npm-fill-range-7.0.1-1919a6a7c75fe38b2c7c77e5198535da9acdda40\node_modules\fill-range\LICENSE' -> 'C:\Dev\ecs-machina\node_modules\ts-loader\node_modules\fill-range\LICENSE'

npm manifest: 
  {
    "name": "ecs-machina",
    "private": true,
    "version": "0.0.2",
    "description": "Entity-Component-System Engine",
    "homepage": "https://github.com/scambier/ecs-machina#readme",
    "main": "dist/index.js",
    "scripts": {
      "start": "tsc --watch",
      "vuepress": "vuepress dev docs-raw",
      "build": "node build.js && pnpm run build:docs",
      "build:docs": "typedoc --options ./typedoc.config.js ./src && vuepress build docs-raw",
      "test": "echo \"Error: no test specified\" && exit 1"
    },
    "repository": {
      "type": "git",
      "url": "git+https://github.com/scambier/ecs-machina.git"
    },
    "keywords": [
      "entity",
      "component",
      "system",
      "ecs",
      "game"
    ],
    "author": "Simon Cambier",
    "license": "ISC",
    "bugs": {
      "url": "https://github.com/scambier/ecs-machina/issues"
    },
    "devDependencies": {
      "@types/jest": "^24.0.15",
      "@types/lodash-es": "^4.17.3",
      "@types/node": "^12.0.10",
      "coveralls": "^3.0.4",
      "jest": "^24.8.0",
      "shelljs": "^0.8.3",
      "ts-jest": "^24.0.2",
      "ts-loader": "^6.0.4",
      "tslint": "^5.18.0",
      "typedoc": "^0.14.2",
      "typescript": "^3.5.2",
      "vuepress": "^1.0.2"
    },
    "dependencies": {
      "debug": "^4.1.1",
      "lodash-es": "^4.17.11"
    }
  }

yarn manifest: 
  No manifest

Lockfile: 
  No lockfile
